<?xml version="1.0" encoding="UTF-8" ?>
<testsuite tests="61" failures="0" name="iilumme.hymiopeli.logiikka.HymioPeliTest" time="1.218" errors="1" skipped="0">
  <properties>
    <property name="java.runtime.name" value="Java(TM) SE Runtime Environment"/>
    <property name="sun.boot.library.path" value="/Library/Java/JavaVirtualMachines/jdk1.8.0_20.jdk/Contents/Home/jre/lib"/>
    <property name="java.vm.version" value="25.20-b23"/>
    <property name="user.country.format" value="FI"/>
    <property name="gopherProxySet" value="false"/>
    <property name="java.vm.vendor" value="Oracle Corporation"/>
    <property name="java.vendor.url" value="http://java.oracle.com/"/>
    <property name="path.separator" value=":"/>
    <property name="guice.disable.misplaced.annotation.check" value="true"/>
    <property name="java.vm.name" value="Java HotSpot(TM) 64-Bit Server VM"/>
    <property name="file.encoding.pkg" value="sun.io"/>
    <property name="user.country" value="US"/>
    <property name="sun.java.launcher" value="SUN_STANDARD"/>
    <property name="sun.os.patch.level" value="unknown"/>
    <property name="java.vm.specification.name" value="Java Virtual Machine Specification"/>
    <property name="user.dir" value="/Users/iina/hymiopeli/hymiopeli"/>
    <property name="java.runtime.version" value="1.8.0_20-b26"/>
    <property name="java.awt.graphicsenv" value="sun.awt.CGraphicsEnvironment"/>
    <property name="java.endorsed.dirs" value="/Library/Java/JavaVirtualMachines/jdk1.8.0_20.jdk/Contents/Home/jre/lib/endorsed"/>
    <property name="os.arch" value="x86_64"/>
    <property name="java.io.tmpdir" value="/var/folders/z2/b11bd2vx6y19bsh9sdhgj4n00000gn/T/"/>
    <property name="line.separator" value="
"/>
    <property name="java.vm.specification.vendor" value="Oracle Corporation"/>
    <property name="os.name" value="Mac OS X"/>
    <property name="maven.ext.class.path" value="/Applications/tmcbeans.app/Contents/Resources/tmcbeans/java/maven-nblib/netbeans-eventspy.jar"/>
    <property name="classworlds.conf" value="/Users/iina/devtools/apache-maven-3.2.5/bin/m2.conf"/>
    <property name="sun.jnu.encoding" value="UTF-8"/>
    <property name="java.library.path" value="/Users/iina/Library/Java/Extensions:/Library/Java/Extensions:/Network/Library/Java/Extensions:/System/Library/Java/Extensions:/usr/lib/java:."/>
    <property name="java.specification.name" value="Java Platform API Specification"/>
    <property name="java.class.version" value="52.0"/>
    <property name="sun.management.compiler" value="HotSpot 64-Bit Tiered Compilers"/>
    <property name="os.version" value="10.10.2"/>
    <property name="http.nonProxyHosts" value="local|*.local|169.254/16|*.169.254/16"/>
    <property name="user.home" value="/Users/iina"/>
    <property name="user.timezone" value="Europe/Helsinki"/>
    <property name="java.awt.printerjob" value="sun.lwawt.macosx.CPrinterJob"/>
    <property name="java.specification.version" value="1.8"/>
    <property name="file.encoding" value="UTF-8"/>
    <property name="user.name" value="iina"/>
    <property name="java.class.path" value="/Users/iina/devtools/apache-maven-3.2.5/boot/plexus-classworlds-2.5.2.jar"/>
    <property name="java.vm.specification.version" value="1.8"/>
    <property name="sun.arch.data.model" value="64"/>
    <property name="java.home" value="/Library/Java/JavaVirtualMachines/jdk1.8.0_20.jdk/Contents/Home/jre"/>
    <property name="sun.java.command" value="org.codehaus.plexus.classworlds.launcher.Launcher -Dmaven.ext.class.path=/Applications/tmcbeans.app/Contents/Resources/tmcbeans/java/maven-nblib/netbeans-eventspy.jar test"/>
    <property name="java.specification.vendor" value="Oracle Corporation"/>
    <property name="user.language" value="en"/>
    <property name="user.language.format" value="fi"/>
    <property name="awt.toolkit" value="sun.lwawt.macosx.LWCToolkit"/>
    <property name="java.vm.info" value="mixed mode"/>
    <property name="java.version" value="1.8.0_20"/>
    <property name="java.ext.dirs" value="/Users/iina/Library/Java/Extensions:/Library/Java/JavaVirtualMachines/jdk1.8.0_20.jdk/Contents/Home/jre/lib/ext:/Library/Java/Extensions:/Network/Library/Java/Extensions:/System/Library/Java/Extensions:/usr/lib/java"/>
    <property name="sun.boot.class.path" value="/Library/Java/JavaVirtualMachines/jdk1.8.0_20.jdk/Contents/Home/jre/lib/resources.jar:/Library/Java/JavaVirtualMachines/jdk1.8.0_20.jdk/Contents/Home/jre/lib/rt.jar:/Library/Java/JavaVirtualMachines/jdk1.8.0_20.jdk/Contents/Home/jre/lib/sunrsasign.jar:/Library/Java/JavaVirtualMachines/jdk1.8.0_20.jdk/Contents/Home/jre/lib/jsse.jar:/Library/Java/JavaVirtualMachines/jdk1.8.0_20.jdk/Contents/Home/jre/lib/jce.jar:/Library/Java/JavaVirtualMachines/jdk1.8.0_20.jdk/Contents/Home/jre/lib/charsets.jar:/Library/Java/JavaVirtualMachines/jdk1.8.0_20.jdk/Contents/Home/jre/lib/jfr.jar:/Library/Java/JavaVirtualMachines/jdk1.8.0_20.jdk/Contents/Home/jre/classes"/>
    <property name="java.vendor" value="Oracle Corporation"/>
    <property name="maven.home" value="/Users/iina/devtools/apache-maven-3.2.5"/>
    <property name="file.separator" value="/"/>
    <property name="java.vendor.url.bug" value="http://bugreport.sun.com/bugreport/"/>
    <property name="sun.cpu.endian" value="little"/>
    <property name="sun.io.unicode.encoding" value="UnicodeBig"/>
    <property name="socksNonProxyHosts" value="local|*.local|169.254/16|*.169.254/16"/>
    <property name="ftp.nonProxyHosts" value="local|*.local|169.254/16|*.169.254/16"/>
    <property name="sun.cpu.isalist" value=""/>
  </properties>
  <testcase classname="iilumme.hymiopeli.logiikka.HymioPeliTest" name="tasoOikein" time="0.322"/>
  <testcase classname="iilumme.hymiopeli.logiikka.HymioPeliTest" name="tasoOikein2" time="0"/>
  <testcase classname="iilumme.hymiopeli.logiikka.HymioPeliTest" name="hymioitaNolla" time="0.001"/>
  <testcase classname="iilumme.hymiopeli.logiikka.HymioPeliTest" name="hymioitaYksi" time="0.004"/>
  <testcase classname="iilumme.hymiopeli.logiikka.HymioPeliTest" name="hymioitaYksiAlussa" time="0.001"/>
  <testcase classname="iilumme.hymiopeli.logiikka.HymioPeliTest" name="tiikereitaYksiAlussa" time="0.303"/>
  <testcase classname="iilumme.hymiopeli.logiikka.HymioPeliTest" name="ironmanejaYksiAlussa" time="0.024"/>
  <testcase classname="iilumme.hymiopeli.logiikka.HymioPeliTest" name="surullisia38Alussa" time="0.001"/>
  <testcase classname="iilumme.hymiopeli.logiikka.HymioPeliTest" name="kissoja38Alussa" time="0.004"/>
  <testcase classname="iilumme.hymiopeli.logiikka.HymioPeliTest" name="killianeja38Alussa" time="0.035"/>
  <testcase classname="iilumme.hymiopeli.logiikka.HymioPeliTest" name="getVastuksetEiNull" time="0.025"/>
  <testcase classname="iilumme.hymiopeli.logiikka.HymioPeliTest" name="getVastuksetIsEmpty" time="0.002"/>
  <testcase classname="iilumme.hymiopeli.logiikka.HymioPeliTest" name="getHahmotIsEmpty" time="0.003"/>
  <testcase classname="iilumme.hymiopeli.logiikka.HymioPeliTest" name="getHahmotEiOleTyhja" time="0.003"/>
  <testcase classname="iilumme.hymiopeli.logiikka.HymioPeliTest" name="piirtoalustaAsennettu" time="0.408"/>
  <testcase classname="iilumme.hymiopeli.logiikka.HymioPeliTest" name="piirtoalustaEIAsennettu" time="0.002"/>
  <testcase classname="iilumme.hymiopeli.logiikka.HymioPeliTest" name="pisteetOikein" time="0"/>
  <testcase classname="iilumme.hymiopeli.logiikka.HymioPeliTest" name="pisteetVäärin" time="0.001"/>
  <testcase classname="iilumme.hymiopeli.logiikka.HymioPeliTest" name="getMuutetutHahmot" time="0"/>
  <testcase classname="iilumme.hymiopeli.logiikka.HymioPeliTest" name="getMuutetutHahmot2" time="0.002"/>
  <testcase classname="iilumme.hymiopeli.logiikka.HymioPeliTest" name="getDelayHakeeoikeanArvon" time="0.001"/>
  <testcase classname="iilumme.hymiopeli.logiikka.HymioPeliTest" name="getInitialDelayHakeeoikeanArvon" time="0.002"/>
  <testcase classname="iilumme.hymiopeli.logiikka.HymioPeliTest" name="muutuToimiiHymioSuru" time="0.001"/>
  <testcase classname="iilumme.hymiopeli.logiikka.HymioPeliTest" name="muutuToimiiTiikeriKissa" time="0.004"/>
  <testcase classname="iilumme.hymiopeli.logiikka.HymioPeliTest" name="muutuToimiiIronManKillian" time="0.014"/>
  <testcase classname="iilumme.hymiopeli.logiikka.HymioPeliTest" name="muutuToimiiHgetX" time="0"/>
  <testcase classname="iilumme.hymiopeli.logiikka.HymioPeliTest" name="muutuToimiiTgetX" time="0.002"/>
  <testcase classname="iilumme.hymiopeli.logiikka.HymioPeliTest" name="muutuToimiiIgetX" time="0.001"/>
  <testcase classname="iilumme.hymiopeli.logiikka.HymioPeliTest" name="muutuToimiiHgetY" time="0.001"/>
  <testcase classname="iilumme.hymiopeli.logiikka.HymioPeliTest" name="muutuToimiiTgetY" time="0.004"/>
  <testcase classname="iilumme.hymiopeli.logiikka.HymioPeliTest" name="muutuToimiiIgetY" time="0.005"/>
  <testcase classname="iilumme.hymiopeli.logiikka.HymioPeliTest" name="getHahmovalintaToimii" time="0.001"/>
  <testcase classname="iilumme.hymiopeli.logiikka.HymioPeliTest" name="getHahmovalintaToimii2" time="0.001"/>
  <testcase classname="iilumme.hymiopeli.logiikka.HymioPeliTest" name="getHahmovalintaToimii1" time="0.001"/>
  <testcase classname="iilumme.hymiopeli.logiikka.HymioPeliTest" name="setPisteetToimii" time="0.001"/>
  <testcase classname="iilumme.hymiopeli.logiikka.HymioPeliTest" name="setPisteetToimiiNegLuku" time="0"/>
  <testcase classname="iilumme.hymiopeli.logiikka.HymioPeliTest" name="setPisteetToimiiNollalla" time="0.001"/>
  <testcase classname="iilumme.hymiopeli.logiikka.HymioPeliTest" name="getPiirrettavienVastustenMaara" time="0.001"/>
  <testcase classname="iilumme.hymiopeli.logiikka.HymioPeliTest" name="getPiirrettavienVastustenMaara2" time="0.001"/>
  <testcase classname="iilumme.hymiopeli.logiikka.HymioPeliTest" name="getPiirrettavienVastustenMaara3" time="0"/>
  <testcase classname="iilumme.hymiopeli.logiikka.HymioPeliTest" name="getMuutettavana" time="0"/>
  <testcase classname="iilumme.hymiopeli.logiikka.HymioPeliTest" name="getMuutettavana2" time="0.006"/>
  <testcase classname="iilumme.hymiopeli.logiikka.HymioPeliTest" name="getJaljella" time="0.007"/>
  <testcase classname="iilumme.hymiopeli.logiikka.HymioPeliTest" name="getJaljella2" time="0"/>
  <testcase classname="iilumme.hymiopeli.logiikka.HymioPeliTest" name="setTasoToimiiPos" time="0.001"/>
  <testcase classname="iilumme.hymiopeli.logiikka.HymioPeliTest" name="setTasoToimiiNeg" time="0.001"/>
  <testcase classname="iilumme.hymiopeli.logiikka.HymioPeliTest" name="getMuutetutToimii" time="0.001"/>
  <testcase classname="iilumme.hymiopeli.logiikka.HymioPeliTest" name="getMuutetutToimii2" time="0.002"/>
  <testcase classname="iilumme.hymiopeli.logiikka.HymioPeliTest" name="getMuutetutToimii3" time="0.001"/>
  <testcase classname="iilumme.hymiopeli.logiikka.HymioPeliTest" name="getMuutetutToimii4" time="0.001"/>
  <testcase classname="iilumme.hymiopeli.logiikka.HymioPeliTest" name="getMuutetutToimii5" time="0.001"/>
  <testcase classname="iilumme.hymiopeli.logiikka.HymioPeliTest" name="getMuutetutToimii6" time="0.001"/>
  <testcase classname="iilumme.hymiopeli.logiikka.HymioPeliTest" name="setJatkuukoPeliToimii" time="0.002"/>
  <testcase classname="iilumme.hymiopeli.logiikka.HymioPeliTest" name="setJatkuukoPeliToimii2" time="0"/>
  <testcase classname="iilumme.hymiopeli.logiikka.HymioPeliTest" name="setJatkuukoPeliToimii3" time="0"/>
  <testcase classname="iilumme.hymiopeli.logiikka.HymioPeliTest" name="setNappaimistonKuuntelijaToimii" time="0"/>
  <testcase classname="iilumme.hymiopeli.logiikka.HymioPeliTest" name="setNappaimistonKuuntelijaToimii2" time="0.002"/>
  <testcase classname="iilumme.hymiopeli.logiikka.HymioPeliTest" name="setApuriToimii" time="0.001"/>
  <testcase classname="iilumme.hymiopeli.logiikka.HymioPeliTest" name="setApuriToimii2" time="0.004">
    <error message="1" type="java.lang.ArrayIndexOutOfBoundsException">java.lang.ArrayIndexOutOfBoundsException: 1
	at iilumme.hymiopeli.highscore.HighScoreTallentaja.haeLista(HighScoreTallentaja.java:42)
	at iilumme.hymiopeli.highscore.HighScoreTallentaja.&lt;init&gt;(HighScoreTallentaja.java:30)
	at iilumme.hymiopeli.ui.Apuri.&lt;init&gt;(Apuri.java:26)
	at iilumme.hymiopeli.logiikka.HymioPeliTest.setApuriToimii2(HymioPeliTest.java:467)
	at sun.reflect.NativeMethodAccessorImpl.invoke0(Native Method)
	at sun.reflect.NativeMethodAccessorImpl.invoke(NativeMethodAccessorImpl.java:62)
	at sun.reflect.DelegatingMethodAccessorImpl.invoke(DelegatingMethodAccessorImpl.java:43)
	at java.lang.reflect.Method.invoke(Method.java:483)
	at org.junit.runners.model.FrameworkMethod$1.runReflectiveCall(FrameworkMethod.java:45)
	at org.junit.internal.runners.model.ReflectiveCallable.run(ReflectiveCallable.java:15)
	at org.junit.runners.model.FrameworkMethod.invokeExplosively(FrameworkMethod.java:42)
	at org.junit.internal.runners.statements.InvokeMethod.evaluate(InvokeMethod.java:20)
	at org.junit.internal.runners.statements.RunBefores.evaluate(RunBefores.java:28)
	at org.junit.runners.ParentRunner.runLeaf(ParentRunner.java:263)
	at org.junit.runners.BlockJUnit4ClassRunner.runChild(BlockJUnit4ClassRunner.java:68)
	at org.junit.runners.BlockJUnit4ClassRunner.runChild(BlockJUnit4ClassRunner.java:47)
	at org.junit.runners.ParentRunner$3.run(ParentRunner.java:231)
	at org.junit.runners.ParentRunner$1.schedule(ParentRunner.java:60)
	at org.junit.runners.ParentRunner.runChildren(ParentRunner.java:229)
	at org.junit.runners.ParentRunner.access$000(ParentRunner.java:50)
	at org.junit.runners.ParentRunner$2.evaluate(ParentRunner.java:222)
	at org.junit.runners.ParentRunner.run(ParentRunner.java:300)
	at org.apache.maven.surefire.junit4.JUnit4Provider.execute(JUnit4Provider.java:252)
	at org.apache.maven.surefire.junit4.JUnit4Provider.executeTestSet(JUnit4Provider.java:141)
	at org.apache.maven.surefire.junit4.JUnit4Provider.invoke(JUnit4Provider.java:112)
	at sun.reflect.NativeMethodAccessorImpl.invoke0(Native Method)
	at sun.reflect.NativeMethodAccessorImpl.invoke(NativeMethodAccessorImpl.java:62)
	at sun.reflect.DelegatingMethodAccessorImpl.invoke(DelegatingMethodAccessorImpl.java:43)
	at java.lang.reflect.Method.invoke(Method.java:483)
	at org.apache.maven.surefire.util.ReflectionUtils.invokeMethodWithArray(ReflectionUtils.java:189)
	at org.apache.maven.surefire.booter.ProviderFactory$ProviderProxy.invoke(ProviderFactory.java:165)
	at org.apache.maven.surefire.booter.ProviderFactory.invokeProvider(ProviderFactory.java:85)
	at org.apache.maven.surefire.booter.ForkedBooter.runSuitesInProcess(ForkedBooter.java:115)
	at org.apache.maven.surefire.booter.ForkedBooter.main(ForkedBooter.java:75)
</error>
  </testcase>
  <testcase classname="iilumme.hymiopeli.logiikka.HymioPeliTest" name="vastustenMaaraToimiiAlle6" time="0"/>
  <testcase classname="iilumme.hymiopeli.logiikka.HymioPeliTest" name="peliLoppuuToimii" time="0.004"/>
</testsuite>